<?xml version="1.0" encoding="UTF-8"?>
<testsuite xmlns:xsi="http://www.w3.org/2001/XMLSchema-instance" xsi:noNamespaceSchemaLocation="https://maven.apache.org/surefire/maven-surefire-plugin/xsd/surefire-test-report.xsd" name="org.springframework.samples.petclinic.api.boundary.web.ApiGatewayControllerTest" time="1.216" tests="2" errors="0" skipped="0" failures="0">
  <properties>
[...]
</properties>
  <testcase name="getOwnerDetails_withServiceError" classname="org.springframework.samples.petclinic.api.boundary.web.ApiGatewayControllerTest" time="0.345"/>
  <testcase name="getOwnerDetails_withAvailableVisitsService" classname="org.springframework.samples.petclinic.api.boundary.web.ApiGatewayControllerTest" time="0.014"/>
</testsuite>